0 verbose cli /home/klee/.nvm/versions/node/v20.12.0/bin/node /home/klee/.nvm/versions/node/v20.12.0/bin/npm
1 info using npm@10.5.0
2 info using node@v20.12.0
3 timing npm:load:whichnode Completed in 2ms
4 timing config:load:defaults Completed in 2ms
5 timing config:load:file:/home/klee/.nvm/versions/node/v20.12.0/lib/node_modules/npm/npmrc Completed in 2ms
6 timing config:load:builtin Completed in 2ms
7 timing config:load:cli Completed in 2ms
8 timing config:load:env Completed in 1ms
9 timing config:load:project Completed in 0ms
10 timing config:load:file:/home/klee/.npmrc Completed in 0ms
11 timing config:load:user Completed in 0ms
12 timing config:load:file:/home/klee/.nvm/versions/node/v20.12.0/etc/npmrc Completed in 1ms
13 timing config:load:global Completed in 1ms
14 timing config:load:setEnvs Completed in 0ms
15 timing config:load Completed in 8ms
16 timing npm:load:configload Completed in 8ms
17 timing config:load:flatten Completed in 2ms
18 timing npm:load:mkdirpcache Completed in 1ms
19 timing npm:load:mkdirplogs Completed in 0ms
20 verbose title npm install typescript
21 verbose argv "install" "--global" "typescript"
22 timing npm:load:setTitle Completed in 1ms
23 timing npm:load:display Completed in 0ms
24 verbose logfile logs-max:10 dir:/home/klee/.npm/_logs/2024-04-01T03_10_09_995Z-
25 verbose logfile /home/klee/.npm/_logs/2024-04-01T03_10_09_995Z-debug-0.log
26 timing npm:load:logFile Completed in 6ms
27 timing npm:load:timers Completed in 0ms
28 timing npm:load:configScope Completed in 0ms
29 timing npm:load Completed in 30ms
30 timing config:load:flatten Completed in 0ms
31 timing arborist:ctor Completed in 1ms
32 silly logfile done cleaning log files
33 timing idealTree:init Completed in 5ms
34 timing idealTree:userRequests Completed in 2ms
35 silly idealTree buildDeps
36 silly fetch manifest typescript@*
37 http fetch GET 200 https://registry.npmjs.org/typescript 834ms (cache revalidated)
38 silly placeDep ROOT typescript@5.4.3 OK for:  want: *
39 timing idealTree:#root Completed in 951ms
40 timing idealTree:node_modules/typescript Completed in 0ms
41 timing idealTree:buildDeps Completed in 953ms
42 timing idealTree:fixDepFlags Completed in 0ms
43 timing idealTree Completed in 962ms
44 timing reify:loadTrees Completed in 964ms
45 timing reify:diffTrees Completed in 1ms
46 silly reify moves {}
47 timing reify:retireShallow Completed in 2ms
48 timing reify:createSparse Completed in 0ms
49 timing reify:loadBundles Completed in 0ms
50 timing reifyNode:node_modules/typescript Completed in 316ms
51 timing reify:unpack Completed in 316ms
52 timing reify:unretire Completed in 0ms
53 timing build:queue Completed in 0ms
54 timing build:link:node_modules/typescript Completed in 2ms
55 timing build:link Completed in 2ms
56 timing build:deps Completed in 2ms
57 timing build Completed in 2ms
58 timing reify:build Completed in 3ms
59 timing reify:trash Completed in 0ms
60 timing reify Completed in 1293ms
61 silly ADD node_modules/typescript
62 timing command:install Completed in 1298ms
63 verbose exit 0
64 timing npm Completed in 1485ms
65 info ok
